2026-04-30 11:58:33 - [INFO] - Iniciando Mensageria
2026-04-30 11:58:33 - [INFO] - Carregando Config
2026-04-30 11:58:33 - [INFO] - Config não encontrado
2026-04-30 11:58:33 - [INFO] - Criando Config
2026-04-30 11:58:33 - [INFO] - Salvando Config
2026-04-30 11:59:11 - [INFO] - Iniciando Mensageria
2026-04-30 11:59:11 - [INFO] - Carregando Config
2026-04-30 12:00:08 - [INFO] - Iniciando Mensageria
2026-04-30 12:00:08 - [INFO] - Carregando Config
2026-04-30 14:34:06 - [INFO] - Iniciando Mensageria
2026-04-30 14:34:06 - [INFO] - Carregando Config
2026-04-30 14:34:15 - [INFO] - Iniciando Mensageria
2026-04-30 14:34:15 - [INFO] - Carregando Config
2026-04-30 14:35:36 - [INFO] - Iniciando Mensageria
2026-04-30 14:35:36 - [INFO] - Carregando Config
2026-04-30 14:35:46 - [INFO] - Iniciando Mensageria
2026-04-30 14:35:46 - [INFO] - Carregando Config
2026-04-30 14:35:57 - [INFO] - Iniciando Mensageria
2026-04-30 14:35:57 - [INFO] - Carregando Config
2026-04-30 14:36:08 - [INFO] - Iniciando Mensageria
2026-04-30 14:36:08 - [INFO] - Carregando Config
2026-04-30 14:37:06 - [INFO] - Iniciando Mensageria
2026-04-30 14:37:06 - [INFO] - Carregando Config
2026-04-30 14:37:27 - [INFO] - Iniciando Mensageria
2026-04-30 14:37:27 - [INFO] - Carregando Config
2026-04-30 14:37:44 - [INFO] - Iniciando Mensageria
2026-04-30 14:37:44 - [INFO] - Carregando Config
2026-04-30 14:38:09 - [INFO] - Iniciando Mensageria
2026-04-30 14:38:09 - [INFO] - Carregando Config
2026-04-30 14:49:42 - [INFO] - Iniciando Mensageria
2026-04-30 14:49:42 - [INFO] - Carregando Config
2026-04-30 14:49:52 - [INFO] - Iniciando Mensageria
2026-04-30 14:49:52 - [INFO] - Carregando Config
2026-04-30 14:55:25 - [INFO] - Iniciando Mensageria
2026-04-30 14:55:25 - [INFO] - Carregando Config
2026-04-30 15:07:22 - [INFO] - Iniciando Mensageria
2026-04-30 15:07:22 - [INFO] - Carregando Config
2026-04-30 15:07:22 - [INFO] - Config não encontrado
2026-04-30 15:07:22 - [INFO] - Criando Config
2026-04-30 15:07:22 - [INFO] - Salvando Config
2026-04-30 15:08:08 - [INFO] - Iniciando Mensageria
2026-04-30 15:08:08 - [INFO] - Carregando Config
2026-04-30 15:15:12 - [INFO] - Iniciando Mensageria
2026-04-30 15:15:12 - [INFO] - Carregando Config
2026-04-30 15:15:45 - [INFO] - Iniciando Mensageria
2026-04-30 15:15:45 - [INFO] - Carregando Config
2026-04-30 15:16:34 - [INFO] - Iniciando Mensageria
2026-04-30 15:16:34 - [INFO] - Carregando Config
2026-04-30 15:17:25 - [INFO] - Iniciando Mensageria
2026-04-30 15:17:25 - [INFO] - Carregando Config
2026-04-30 15:18:05 - [INFO] - Iniciando Mensageria
2026-04-30 15:18:05 - [INFO] - Carregando Config
2026-04-30 15:20:34 - [INFO] - Iniciando Mensageria
2026-04-30 15:20:34 - [INFO] - Carregando Config
2026-04-30 15:21:04 - [INFO] - Iniciando Mensageria
2026-04-30 15:21:04 - [INFO] - Carregando Config
2026-04-30 15:24:05 - [INFO] - Iniciando Mensageria
2026-04-30 15:24:05 - [INFO] - Carregando Config
2026-04-30 15:24:05 - [INFO] - Config não encontrado
2026-04-30 15:24:05 - [INFO] - Criando Config
2026-04-30 15:24:06 - [INFO] - Salvando Config
2026-04-30 15:28:07 - [INFO] - Iniciando Mensageria
2026-04-30 15:28:07 - [INFO] - Carregando Config
2026-04-30 15:28:07 - [INFO] - Config não encontrado
2026-04-30 15:28:07 - [INFO] - Criando Config
2026-04-30 15:28:07 - [INFO] - Salvando Config
2026-04-30 15:30:45 - [INFO] - Iniciando Mensageria
2026-04-30 15:30:45 - [INFO] - Carregando Config
2026-04-30 15:32:23 - [INFO] - Iniciando Mensageria
2026-04-30 15:32:23 - [INFO] - Carregando Config
2026-04-30 15:33:20 - [INFO] - Iniciando Mensageria
2026-04-30 15:33:20 - [INFO] - Carregando Config
2026-04-30 15:34:24 - [INFO] - Iniciando Mensageria
2026-04-30 15:34:24 - [INFO] - Carregando Config
2026-04-30 15:34:46 - [INFO] - Iniciando Mensageria
2026-04-30 15:34:46 - [INFO] - Carregando Config
2026-04-30 15:36:43 - [INFO] - Iniciando Mensageria
2026-04-30 15:36:43 - [INFO] - Carregando Config
2026-04-30 15:38:22 - [INFO] - Iniciando Mensageria
2026-04-30 15:38:22 - [INFO] - Carregando Config
2026-04-30 15:40:30 - [INFO] - Iniciando Mensageria
2026-04-30 15:40:30 - [INFO] - Carregando Config
2026-04-30 15:44:59 - [INFO] - Iniciando Mensageria
2026-04-30 15:44:59 - [INFO] - Carregando Config
2026-04-30 15:46:22 - [INFO] - Iniciando Mensageria
2026-04-30 15:46:22 - [INFO] - Carregando Config
2026-04-30 15:50:25 - [INFO] - Iniciando Mensageria
2026-04-30 15:50:25 - [INFO] - Carregando Config
2026-04-30 15:52:27 - [INFO] - Iniciando Mensageria
2026-04-30 15:52:27 - [INFO] - Carregando Config
2026-04-30 15:53:40 - [INFO] - Iniciando Mensageria
2026-04-30 15:53:40 - [INFO] - Carregando Config
2026-04-30 15:55:45 - [INFO] - Iniciando Mensageria
2026-04-30 15:55:45 - [INFO] - Carregando Config
2026-04-30 15:59:45 - [INFO] - Iniciando Mensageria
2026-04-30 15:59:45 - [INFO] - Carregando Config
2026-04-30 16:00:32 - [INFO] - Iniciando Mensageria
2026-04-30 16:00:32 - [INFO] - Carregando Config
2026-04-30 16:00:55 - [INFO] - Iniciando Mensageria
2026-04-30 16:00:55 - [INFO] - Carregando Config
2026-04-30 20:59:18 - [INFO] - Iniciando Mensageria
2026-04-30 20:59:18 - [INFO] - Carregando Config
2026-04-30 21:12:04 - [INFO] - Iniciando Mensageria
2026-04-30 21:12:04 - [INFO] - Carregando Config
2026-04-30 21:15:33 - [INFO] - Iniciando Mensageria
2026-04-30 21:15:33 - [INFO] - Carregando Config
2026-04-30 21:15:54 - [INFO] - Iniciando Mensageria
2026-04-30 21:15:54 - [INFO] - Carregando Config
2026-04-30 21:16:11 - [INFO] - Iniciando Mensageria
2026-04-30 21:16:11 - [INFO] - Carregando Config
2026-04-30 21:22:02 - [INFO] - Iniciando Mensageria
2026-04-30 21:22:02 - [INFO] - Carregando Config
2026-04-30 21:27:22 - [INFO] - Iniciando Mensageria
2026-04-30 21:27:22 - [INFO] - Carregando Config
2026-04-30 21:35:55 - [INFO] - Iniciando Mensageria
2026-04-30 21:35:55 - [INFO] - Carregando Config
2026-04-30 21:39:33 - [INFO] - Iniciando Mensageria
2026-04-30 21:39:33 - [INFO] - Carregando Config
